[0.290s] DEBUG:colcon:Command line arguments: ['/usr/bin/colcon', 'build', '--packages-select', 'durian_inspection_pkg']
[0.291s] DEBUG:colcon:Parsed command line arguments: Namespace(log_base=None, log_level=None, verb_name='build', build_base='build', install_base='install', merge_install=False, symlink_install=False, test_result_base=None, continue_on_error=False, executor='parallel', parallel_workers=16, event_handlers=None, ignore_user_meta=False, metas=['./colcon.meta'], base_paths=['.'], packages_ignore=None, packages_ignore_regex=None, paths=None, packages_up_to=None, packages_up_to_regex=None, packages_above=None, packages_above_and_dependencies=None, packages_above_depth=None, packages_select_by_dep=None, packages_skip_by_dep=None, packages_skip_up_to=None, packages_select_build_failed=False, packages_skip_build_finished=False, packages_select_test_failures=False, packages_skip_test_passed=False, packages_select=['durian_inspection_pkg'], packages_skip=None, packages_select_regex=None, packages_skip_regex=None, packages_start=None, packages_end=None, allow_overriding=[], cmake_args=None, cmake_target=None, cmake_target_skip_unavailable=False, cmake_clean_cache=False, cmake_clean_first=False, cmake_force_configure=False, ament_cmake_args=None, catkin_cmake_args=None, catkin_skip_building_tests=False, verb_parser=<colcon_defaults.argument_parser.defaults.DefaultArgumentsDecorator object at 0x790674061150>, verb_extension=<colcon_core.verb.build.BuildVerb object at 0x790674142bf0>, main=<bound method BuildVerb.main of <colcon_core.verb.build.BuildVerb object at 0x790674142bf0>>)
[0.356s] Level 1:colcon.colcon_core.package_discovery:discover_packages(colcon_meta) check parameters
[0.358s] Level 1:colcon.colcon_core.package_discovery:discover_packages(recursive) check parameters
[0.359s] Level 1:colcon.colcon_core.package_discovery:discover_packages(ignore) check parameters
[0.359s] Level 1:colcon.colcon_core.package_discovery:discover_packages(path) check parameters
[0.359s] Level 1:colcon.colcon_core.package_discovery:discover_packages(colcon_meta) discover
[0.360s] Level 1:colcon.colcon_core.package_discovery:discover_packages(recursive) discover
[0.360s] INFO:colcon.colcon_core.package_discovery:Crawling recursively for packages in '/mnt/c/fyp basic models'
[0.362s] Level 1:colcon.colcon_core.package_identification:_identify(.) by extensions ['ignore', 'ignore_ament_install']
[0.362s] Level 1:colcon.colcon_core.package_identification:_identify(.) by extension 'ignore'
[0.363s] Level 1:colcon.colcon_core.package_identification:_identify(.) by extension 'ignore_ament_install'
[0.363s] Level 1:colcon.colcon_core.package_identification:_identify(.) by extensions ['colcon_pkg']
[0.364s] Level 1:colcon.colcon_core.package_identification:_identify(.) by extension 'colcon_pkg'
[0.364s] Level 1:colcon.colcon_core.package_identification:_identify(.) by extensions ['colcon_meta']
[0.365s] Level 1:colcon.colcon_core.package_identification:_identify(.) by extension 'colcon_meta'
[0.365s] Level 1:colcon.colcon_core.package_identification:_identify(.) by extensions ['ros']
[0.366s] Level 1:colcon.colcon_core.package_identification:_identify(.) by extension 'ros'
[0.400s] Level 1:colcon.colcon_core.package_identification:_identify(.) by extensions ['cmake', 'python']
[0.400s] Level 1:colcon.colcon_core.package_identification:_identify(.) by extension 'cmake'
[0.401s] Level 1:colcon.colcon_core.package_identification:_identify(.) by extension 'python'
[0.401s] Level 1:colcon.colcon_core.package_identification:_identify(.) by extensions ['python_setup_py']
[0.402s] Level 1:colcon.colcon_core.package_identification:_identify(.) by extension 'python_setup_py'
[0.405s] Level 1:colcon.colcon_core.package_identification:_identify(build) by extensions ['ignore', 'ignore_ament_install']
[0.406s] Level 1:colcon.colcon_core.package_identification:_identify(build) by extension 'ignore'
[0.408s] Level 1:colcon.colcon_core.package_identification:_identify(build) ignored
[0.411s] Level 1:colcon.colcon_core.package_identification:_identify(codes) by extensions ['ignore', 'ignore_ament_install']
[0.412s] Level 1:colcon.colcon_core.package_identification:_identify(codes) by extension 'ignore'
[0.413s] Level 1:colcon.colcon_core.package_identification:_identify(codes) by extension 'ignore_ament_install'
[0.416s] Level 1:colcon.colcon_core.package_identification:_identify(codes) by extensions ['colcon_pkg']
[0.416s] Level 1:colcon.colcon_core.package_identification:_identify(codes) by extension 'colcon_pkg'
[0.417s] Level 1:colcon.colcon_core.package_identification:_identify(codes) by extensions ['colcon_meta']
[0.417s] Level 1:colcon.colcon_core.package_identification:_identify(codes) by extension 'colcon_meta'
[0.419s] Level 1:colcon.colcon_core.package_identification:_identify(codes) by extensions ['ros']
[0.419s] Level 1:colcon.colcon_core.package_identification:_identify(codes) by extension 'ros'
[0.424s] Level 1:colcon.colcon_core.package_identification:_identify(codes) by extensions ['cmake', 'python']
[0.424s] Level 1:colcon.colcon_core.package_identification:_identify(codes) by extension 'cmake'
[0.426s] Level 1:colcon.colcon_core.package_identification:_identify(codes) by extension 'python'
[0.427s] Level 1:colcon.colcon_core.package_identification:_identify(codes) by extensions ['python_setup_py']
[0.427s] Level 1:colcon.colcon_core.package_identification:_identify(codes) by extension 'python_setup_py'
[0.434s] Level 1:colcon.colcon_core.package_identification:_identify(codes/__pycache__) by extensions ['ignore', 'ignore_ament_install']
[0.435s] Level 1:colcon.colcon_core.package_identification:_identify(codes/__pycache__) by extension 'ignore'
[0.437s] Level 1:colcon.colcon_core.package_identification:_identify(codes/__pycache__) by extension 'ignore_ament_install'
[0.440s] Level 1:colcon.colcon_core.package_identification:_identify(codes/__pycache__) by extensions ['colcon_pkg']
[0.440s] Level 1:colcon.colcon_core.package_identification:_identify(codes/__pycache__) by extension 'colcon_pkg'
[0.442s] Level 1:colcon.colcon_core.package_identification:_identify(codes/__pycache__) by extensions ['colcon_meta']
[0.443s] Level 1:colcon.colcon_core.package_identification:_identify(codes/__pycache__) by extension 'colcon_meta'
[0.445s] Level 1:colcon.colcon_core.package_identification:_identify(codes/__pycache__) by extensions ['ros']
[0.445s] Level 1:colcon.colcon_core.package_identification:_identify(codes/__pycache__) by extension 'ros'
[0.454s] Level 1:colcon.colcon_core.package_identification:_identify(codes/__pycache__) by extensions ['cmake', 'python']
[0.455s] Level 1:colcon.colcon_core.package_identification:_identify(codes/__pycache__) by extension 'cmake'
[0.458s] Level 1:colcon.colcon_core.package_identification:_identify(codes/__pycache__) by extension 'python'
[0.460s] Level 1:colcon.colcon_core.package_identification:_identify(codes/__pycache__) by extensions ['python_setup_py']
[0.460s] Level 1:colcon.colcon_core.package_identification:_identify(codes/__pycache__) by extension 'python_setup_py'
[0.465s] Level 1:colcon.colcon_core.package_identification:_identify(durian_datasets) by extensions ['ignore', 'ignore_ament_install']
[0.466s] Level 1:colcon.colcon_core.package_identification:_identify(durian_datasets) by extension 'ignore'
[0.466s] Level 1:colcon.colcon_core.package_identification:_identify(durian_datasets) by extension 'ignore_ament_install'
[0.469s] Level 1:colcon.colcon_core.package_identification:_identify(durian_datasets) by extensions ['colcon_pkg']
[0.469s] Level 1:colcon.colcon_core.package_identification:_identify(durian_datasets) by extension 'colcon_pkg'
[0.470s] Level 1:colcon.colcon_core.package_identification:_identify(durian_datasets) by extensions ['colcon_meta']
[0.471s] Level 1:colcon.colcon_core.package_identification:_identify(durian_datasets) by extension 'colcon_meta'
[0.472s] Level 1:colcon.colcon_core.package_identification:_identify(durian_datasets) by extensions ['ros']
[0.472s] Level 1:colcon.colcon_core.package_identification:_identify(durian_datasets) by extension 'ros'
[0.477s] Level 1:colcon.colcon_core.package_identification:_identify(durian_datasets) by extensions ['cmake', 'python']
[0.478s] Level 1:colcon.colcon_core.package_identification:_identify(durian_datasets) by extension 'cmake'
[0.479s] Level 1:colcon.colcon_core.package_identification:_identify(durian_datasets) by extension 'python'
[0.480s] Level 1:colcon.colcon_core.package_identification:_identify(durian_datasets) by extensions ['python_setup_py']
[0.480s] Level 1:colcon.colcon_core.package_identification:_identify(durian_datasets) by extension 'python_setup_py'
[0.487s] Level 1:colcon.colcon_core.package_identification:_identify(durian_datasets/durian) by extensions ['ignore', 'ignore_ament_install']
[0.488s] Level 1:colcon.colcon_core.package_identification:_identify(durian_datasets/durian) by extension 'ignore'
[0.489s] Level 1:colcon.colcon_core.package_identification:_identify(durian_datasets/durian) by extension 'ignore_ament_install'
[0.492s] Level 1:colcon.colcon_core.package_identification:_identify(durian_datasets/durian) by extensions ['colcon_pkg']
[0.493s] Level 1:colcon.colcon_core.package_identification:_identify(durian_datasets/durian) by extension 'colcon_pkg'
[0.494s] Level 1:colcon.colcon_core.package_identification:_identify(durian_datasets/durian) by extensions ['colcon_meta']
[0.495s] Level 1:colcon.colcon_core.package_identification:_identify(durian_datasets/durian) by extension 'colcon_meta'
[0.497s] Level 1:colcon.colcon_core.package_identification:_identify(durian_datasets/durian) by extensions ['ros']
[0.497s] Level 1:colcon.colcon_core.package_identification:_identify(durian_datasets/durian) by extension 'ros'
[0.504s] Level 1:colcon.colcon_core.package_identification:_identify(durian_datasets/durian) by extensions ['cmake', 'python']
[0.505s] Level 1:colcon.colcon_core.package_identification:_identify(durian_datasets/durian) by extension 'cmake'
[0.506s] Level 1:colcon.colcon_core.package_identification:_identify(durian_datasets/durian) by extension 'python'
[0.508s] Level 1:colcon.colcon_core.package_identification:_identify(durian_datasets/durian) by extensions ['python_setup_py']
[0.508s] Level 1:colcon.colcon_core.package_identification:_identify(durian_datasets/durian) by extension 'python_setup_py'
[0.520s] Level 1:colcon.colcon_core.package_identification:_identify(durian_datasets/durian/images) by extensions ['ignore', 'ignore_ament_install']
[0.521s] Level 1:colcon.colcon_core.package_identification:_identify(durian_datasets/durian/images) by extension 'ignore'
[0.523s] Level 1:colcon.colcon_core.package_identification:_identify(durian_datasets/durian/images) by extension 'ignore_ament_install'
[0.528s] Level 1:colcon.colcon_core.package_identification:_identify(durian_datasets/durian/images) by extensions ['colcon_pkg']
[0.528s] Level 1:colcon.colcon_core.package_identification:_identify(durian_datasets/durian/images) by extension 'colcon_pkg'
[0.531s] Level 1:colcon.colcon_core.package_identification:_identify(durian_datasets/durian/images) by extensions ['colcon_meta']
[0.531s] Level 1:colcon.colcon_core.package_identification:_identify(durian_datasets/durian/images) by extension 'colcon_meta'
[0.535s] Level 1:colcon.colcon_core.package_identification:_identify(durian_datasets/durian/images) by extensions ['ros']
[0.536s] Level 1:colcon.colcon_core.package_identification:_identify(durian_datasets/durian/images) by extension 'ros'
[0.547s] Level 1:colcon.colcon_core.package_identification:_identify(durian_datasets/durian/images) by extensions ['cmake', 'python']
[0.547s] Level 1:colcon.colcon_core.package_identification:_identify(durian_datasets/durian/images) by extension 'cmake'
[0.549s] Level 1:colcon.colcon_core.package_identification:_identify(durian_datasets/durian/images) by extension 'python'
[0.552s] Level 1:colcon.colcon_core.package_identification:_identify(durian_datasets/durian/images) by extensions ['python_setup_py']
[0.553s] Level 1:colcon.colcon_core.package_identification:_identify(durian_datasets/durian/images) by extension 'python_setup_py'
[0.565s] Level 1:colcon.colcon_core.package_identification:_identify(durian_datasets/durian/labels) by extensions ['ignore', 'ignore_ament_install']
[0.566s] Level 1:colcon.colcon_core.package_identification:_identify(durian_datasets/durian/labels) by extension 'ignore'
[0.568s] Level 1:colcon.colcon_core.package_identification:_identify(durian_datasets/durian/labels) by extension 'ignore_ament_install'
[0.572s] Level 1:colcon.colcon_core.package_identification:_identify(durian_datasets/durian/labels) by extensions ['colcon_pkg']
[0.573s] Level 1:colcon.colcon_core.package_identification:_identify(durian_datasets/durian/labels) by extension 'colcon_pkg'
[0.576s] Level 1:colcon.colcon_core.package_identification:_identify(durian_datasets/durian/labels) by extensions ['colcon_meta']
[0.576s] Level 1:colcon.colcon_core.package_identification:_identify(durian_datasets/durian/labels) by extension 'colcon_meta'
[0.580s] Level 1:colcon.colcon_core.package_identification:_identify(durian_datasets/durian/labels) by extensions ['ros']
[0.581s] Level 1:colcon.colcon_core.package_identification:_identify(durian_datasets/durian/labels) by extension 'ros'
[0.590s] Level 1:colcon.colcon_core.package_identification:_identify(durian_datasets/durian/labels) by extensions ['cmake', 'python']
[0.590s] Level 1:colcon.colcon_core.package_identification:_identify(durian_datasets/durian/labels) by extension 'cmake'
[0.592s] Level 1:colcon.colcon_core.package_identification:_identify(durian_datasets/durian/labels) by extension 'python'
[0.595s] Level 1:colcon.colcon_core.package_identification:_identify(durian_datasets/durian/labels) by extensions ['python_setup_py']
[0.595s] Level 1:colcon.colcon_core.package_identification:_identify(durian_datasets/durian/labels) by extension 'python_setup_py'
[0.603s] Level 1:colcon.colcon_core.package_identification:_identify(durian_datasets/durian_leaf) by extensions ['ignore', 'ignore_ament_install']
[0.603s] Level 1:colcon.colcon_core.package_identification:_identify(durian_datasets/durian_leaf) by extension 'ignore'
[0.604s] Level 1:colcon.colcon_core.package_identification:_identify(durian_datasets/durian_leaf) by extension 'ignore_ament_install'
[0.608s] Level 1:colcon.colcon_core.package_identification:_identify(durian_datasets/durian_leaf) by extensions ['colcon_pkg']
[0.608s] Level 1:colcon.colcon_core.package_identification:_identify(durian_datasets/durian_leaf) by extension 'colcon_pkg'
[0.610s] Level 1:colcon.colcon_core.package_identification:_identify(durian_datasets/durian_leaf) by extensions ['colcon_meta']
[0.610s] Level 1:colcon.colcon_core.package_identification:_identify(durian_datasets/durian_leaf) by extension 'colcon_meta'
[0.612s] Level 1:colcon.colcon_core.package_identification:_identify(durian_datasets/durian_leaf) by extensions ['ros']
[0.612s] Level 1:colcon.colcon_core.package_identification:_identify(durian_datasets/durian_leaf) by extension 'ros'
[0.620s] Level 1:colcon.colcon_core.package_identification:_identify(durian_datasets/durian_leaf) by extensions ['cmake', 'python']
[0.620s] Level 1:colcon.colcon_core.package_identification:_identify(durian_datasets/durian_leaf) by extension 'cmake'
[0.622s] Level 1:colcon.colcon_core.package_identification:_identify(durian_datasets/durian_leaf) by extension 'python'
[0.624s] Level 1:colcon.colcon_core.package_identification:_identify(durian_datasets/durian_leaf) by extensions ['python_setup_py']
[0.624s] Level 1:colcon.colcon_core.package_identification:_identify(durian_datasets/durian_leaf) by extension 'python_setup_py'
[0.644s] Level 1:colcon.colcon_core.package_identification:_identify(durian_datasets/durian_leaf/images) by extensions ['ignore', 'ignore_ament_install']
[0.644s] Level 1:colcon.colcon_core.package_identification:_identify(durian_datasets/durian_leaf/images) by extension 'ignore'
[0.646s] Level 1:colcon.colcon_core.package_identification:_identify(durian_datasets/durian_leaf/images) by extension 'ignore_ament_install'
[0.651s] Level 1:colcon.colcon_core.package_identification:_identify(durian_datasets/durian_leaf/images) by extensions ['colcon_pkg']
[0.651s] Level 1:colcon.colcon_core.package_identification:_identify(durian_datasets/durian_leaf/images) by extension 'colcon_pkg'
[0.653s] Level 1:colcon.colcon_core.package_identification:_identify(durian_datasets/durian_leaf/images) by extensions ['colcon_meta']
[0.654s] Level 1:colcon.colcon_core.package_identification:_identify(durian_datasets/durian_leaf/images) by extension 'colcon_meta'
[0.658s] Level 1:colcon.colcon_core.package_identification:_identify(durian_datasets/durian_leaf/images) by extensions ['ros']
[0.659s] Level 1:colcon.colcon_core.package_identification:_identify(durian_datasets/durian_leaf/images) by extension 'ros'
[0.668s] Level 1:colcon.colcon_core.package_identification:_identify(durian_datasets/durian_leaf/images) by extensions ['cmake', 'python']
[0.668s] Level 1:colcon.colcon_core.package_identification:_identify(durian_datasets/durian_leaf/images) by extension 'cmake'
[0.671s] Level 1:colcon.colcon_core.package_identification:_identify(durian_datasets/durian_leaf/images) by extension 'python'
[0.673s] Level 1:colcon.colcon_core.package_identification:_identify(durian_datasets/durian_leaf/images) by extensions ['python_setup_py']
[0.673s] Level 1:colcon.colcon_core.package_identification:_identify(durian_datasets/durian_leaf/images) by extension 'python_setup_py'
[0.687s] Level 1:colcon.colcon_core.package_identification:_identify(durian_datasets/durian_leaf/labels) by extensions ['ignore', 'ignore_ament_install']
[0.688s] Level 1:colcon.colcon_core.package_identification:_identify(durian_datasets/durian_leaf/labels) by extension 'ignore'
[0.690s] Level 1:colcon.colcon_core.package_identification:_identify(durian_datasets/durian_leaf/labels) by extension 'ignore_ament_install'
[0.694s] Level 1:colcon.colcon_core.package_identification:_identify(durian_datasets/durian_leaf/labels) by extensions ['colcon_pkg']
[0.695s] Level 1:colcon.colcon_core.package_identification:_identify(durian_datasets/durian_leaf/labels) by extension 'colcon_pkg'
[0.698s] Level 1:colcon.colcon_core.package_identification:_identify(durian_datasets/durian_leaf/labels) by extensions ['colcon_meta']
[0.698s] Level 1:colcon.colcon_core.package_identification:_identify(durian_datasets/durian_leaf/labels) by extension 'colcon_meta'
[0.702s] Level 1:colcon.colcon_core.package_identification:_identify(durian_datasets/durian_leaf/labels) by extensions ['ros']
[0.702s] Level 1:colcon.colcon_core.package_identification:_identify(durian_datasets/durian_leaf/labels) by extension 'ros'
[0.714s] Level 1:colcon.colcon_core.package_identification:_identify(durian_datasets/durian_leaf/labels) by extensions ['cmake', 'python']
[0.714s] Level 1:colcon.colcon_core.package_identification:_identify(durian_datasets/durian_leaf/labels) by extension 'cmake'
[0.716s] Level 1:colcon.colcon_core.package_identification:_identify(durian_datasets/durian_leaf/labels) by extension 'python'
[0.719s] Level 1:colcon.colcon_core.package_identification:_identify(durian_datasets/durian_leaf/labels) by extensions ['python_setup_py']
[0.720s] Level 1:colcon.colcon_core.package_identification:_identify(durian_datasets/durian_leaf/labels) by extension 'python_setup_py'
[0.727s] Level 1:colcon.colcon_core.package_identification:_identify(durian_datasets/durian_tree) by extensions ['ignore', 'ignore_ament_install']
[0.728s] Level 1:colcon.colcon_core.package_identification:_identify(durian_datasets/durian_tree) by extension 'ignore'
[0.729s] Level 1:colcon.colcon_core.package_identification:_identify(durian_datasets/durian_tree) by extension 'ignore_ament_install'
[0.733s] Level 1:colcon.colcon_core.package_identification:_identify(durian_datasets/durian_tree) by extensions ['colcon_pkg']
[0.733s] Level 1:colcon.colcon_core.package_identification:_identify(durian_datasets/durian_tree) by extension 'colcon_pkg'
[0.735s] Level 1:colcon.colcon_core.package_identification:_identify(durian_datasets/durian_tree) by extensions ['colcon_meta']
[0.735s] Level 1:colcon.colcon_core.package_identification:_identify(durian_datasets/durian_tree) by extension 'colcon_meta'
[0.737s] Level 1:colcon.colcon_core.package_identification:_identify(durian_datasets/durian_tree) by extensions ['ros']
[0.737s] Level 1:colcon.colcon_core.package_identification:_identify(durian_datasets/durian_tree) by extension 'ros'
[0.745s] Level 1:colcon.colcon_core.package_identification:_identify(durian_datasets/durian_tree) by extensions ['cmake', 'python']
[0.746s] Level 1:colcon.colcon_core.package_identification:_identify(durian_datasets/durian_tree) by extension 'cmake'
[0.747s] Level 1:colcon.colcon_core.package_identification:_identify(durian_datasets/durian_tree) by extension 'python'
[0.749s] Level 1:colcon.colcon_core.package_identification:_identify(durian_datasets/durian_tree) by extensions ['python_setup_py']
[0.749s] Level 1:colcon.colcon_core.package_identification:_identify(durian_datasets/durian_tree) by extension 'python_setup_py'
[0.761s] Level 1:colcon.colcon_core.package_identification:_identify(durian_datasets/durian_tree/images) by extensions ['ignore', 'ignore_ament_install']
[0.761s] Level 1:colcon.colcon_core.package_identification:_identify(durian_datasets/durian_tree/images) by extension 'ignore'
[0.763s] Level 1:colcon.colcon_core.package_identification:_identify(durian_datasets/durian_tree/images) by extension 'ignore_ament_install'
[0.768s] Level 1:colcon.colcon_core.package_identification:_identify(durian_datasets/durian_tree/images) by extensions ['colcon_pkg']
[0.768s] Level 1:colcon.colcon_core.package_identification:_identify(durian_datasets/durian_tree/images) by extension 'colcon_pkg'
[0.770s] Level 1:colcon.colcon_core.package_identification:_identify(durian_datasets/durian_tree/images) by extensions ['colcon_meta']
[0.771s] Level 1:colcon.colcon_core.package_identification:_identify(durian_datasets/durian_tree/images) by extension 'colcon_meta'
[0.776s] Level 1:colcon.colcon_core.package_identification:_identify(durian_datasets/durian_tree/images) by extensions ['ros']
[0.777s] Level 1:colcon.colcon_core.package_identification:_identify(durian_datasets/durian_tree/images) by extension 'ros'
[0.785s] Level 1:colcon.colcon_core.package_identification:_identify(durian_datasets/durian_tree/images) by extensions ['cmake', 'python']
[0.786s] Level 1:colcon.colcon_core.package_identification:_identify(durian_datasets/durian_tree/images) by extension 'cmake'
[0.788s] Level 1:colcon.colcon_core.package_identification:_identify(durian_datasets/durian_tree/images) by extension 'python'
[0.791s] Level 1:colcon.colcon_core.package_identification:_identify(durian_datasets/durian_tree/images) by extensions ['python_setup_py']
[0.791s] Level 1:colcon.colcon_core.package_identification:_identify(durian_datasets/durian_tree/images) by extension 'python_setup_py'
[0.801s] Level 1:colcon.colcon_core.package_identification:_identify(durian_datasets/durian_tree/labels) by extensions ['ignore', 'ignore_ament_install']
[0.801s] Level 1:colcon.colcon_core.package_identification:_identify(durian_datasets/durian_tree/labels) by extension 'ignore'
[0.804s] Level 1:colcon.colcon_core.package_identification:_identify(durian_datasets/durian_tree/labels) by extension 'ignore_ament_install'
[0.808s] Level 1:colcon.colcon_core.package_identification:_identify(durian_datasets/durian_tree/labels) by extensions ['colcon_pkg']
[0.809s] Level 1:colcon.colcon_core.package_identification:_identify(durian_datasets/durian_tree/labels) by extension 'colcon_pkg'
[0.811s] Level 1:colcon.colcon_core.package_identification:_identify(durian_datasets/durian_tree/labels) by extensions ['colcon_meta']
[0.811s] Level 1:colcon.colcon_core.package_identification:_identify(durian_datasets/durian_tree/labels) by extension 'colcon_meta'
[0.815s] Level 1:colcon.colcon_core.package_identification:_identify(durian_datasets/durian_tree/labels) by extensions ['ros']
[0.816s] Level 1:colcon.colcon_core.package_identification:_identify(durian_datasets/durian_tree/labels) by extension 'ros'
[0.827s] Level 1:colcon.colcon_core.package_identification:_identify(durian_datasets/durian_tree/labels) by extensions ['cmake', 'python']
[0.827s] Level 1:colcon.colcon_core.package_identification:_identify(durian_datasets/durian_tree/labels) by extension 'cmake'
[0.831s] Level 1:colcon.colcon_core.package_identification:_identify(durian_datasets/durian_tree/labels) by extension 'python'
[0.833s] Level 1:colcon.colcon_core.package_identification:_identify(durian_datasets/durian_tree/labels) by extensions ['python_setup_py']
[0.833s] Level 1:colcon.colcon_core.package_identification:_identify(durian_datasets/durian_tree/labels) by extension 'python_setup_py'
[0.839s] Level 1:colcon.colcon_core.package_identification:_identify(durian_ws) by extensions ['ignore', 'ignore_ament_install']
[0.839s] Level 1:colcon.colcon_core.package_identification:_identify(durian_ws) by extension 'ignore'
[0.840s] Level 1:colcon.colcon_core.package_identification:_identify(durian_ws) by extension 'ignore_ament_install'
[0.843s] Level 1:colcon.colcon_core.package_identification:_identify(durian_ws) by extensions ['colcon_pkg']
[0.843s] Level 1:colcon.colcon_core.package_identification:_identify(durian_ws) by extension 'colcon_pkg'
[0.845s] Level 1:colcon.colcon_core.package_identification:_identify(durian_ws) by extensions ['colcon_meta']
[0.845s] Level 1:colcon.colcon_core.package_identification:_identify(durian_ws) by extension 'colcon_meta'
[0.846s] Level 1:colcon.colcon_core.package_identification:_identify(durian_ws) by extensions ['ros']
[0.846s] Level 1:colcon.colcon_core.package_identification:_identify(durian_ws) by extension 'ros'
[0.851s] Level 1:colcon.colcon_core.package_identification:_identify(durian_ws) by extensions ['cmake', 'python']
[0.852s] Level 1:colcon.colcon_core.package_identification:_identify(durian_ws) by extension 'cmake'
[0.853s] Level 1:colcon.colcon_core.package_identification:_identify(durian_ws) by extension 'python'
[0.854s] Level 1:colcon.colcon_core.package_identification:_identify(durian_ws) by extensions ['python_setup_py']
[0.854s] Level 1:colcon.colcon_core.package_identification:_identify(durian_ws) by extension 'python_setup_py'
[0.859s] Level 1:colcon.colcon_core.package_identification:_identify(install) by extensions ['ignore', 'ignore_ament_install']
[0.859s] Level 1:colcon.colcon_core.package_identification:_identify(install) by extension 'ignore'
[0.861s] Level 1:colcon.colcon_core.package_identification:_identify(install) ignored
[0.867s] Level 1:colcon.colcon_core.package_identification:_identify(log) by extensions ['ignore', 'ignore_ament_install']
[0.868s] Level 1:colcon.colcon_core.package_identification:_identify(log) by extension 'ignore'
[0.869s] Level 1:colcon.colcon_core.package_identification:_identify(log) ignored
[0.873s] Level 1:colcon.colcon_core.package_identification:_identify(results) by extensions ['ignore', 'ignore_ament_install']
[0.873s] Level 1:colcon.colcon_core.package_identification:_identify(results) by extension 'ignore'
[0.874s] Level 1:colcon.colcon_core.package_identification:_identify(results) by extension 'ignore_ament_install'
[0.876s] Level 1:colcon.colcon_core.package_identification:_identify(results) by extensions ['colcon_pkg']
[0.877s] Level 1:colcon.colcon_core.package_identification:_identify(results) by extension 'colcon_pkg'
[0.879s] Level 1:colcon.colcon_core.package_identification:_identify(results) by extensions ['colcon_meta']
[0.879s] Level 1:colcon.colcon_core.package_identification:_identify(results) by extension 'colcon_meta'
[0.881s] Level 1:colcon.colcon_core.package_identification:_identify(results) by extensions ['ros']
[0.881s] Level 1:colcon.colcon_core.package_identification:_identify(results) by extension 'ros'
[0.888s] Level 1:colcon.colcon_core.package_identification:_identify(results) by extensions ['cmake', 'python']
[0.888s] Level 1:colcon.colcon_core.package_identification:_identify(results) by extension 'cmake'
[0.889s] Level 1:colcon.colcon_core.package_identification:_identify(results) by extension 'python'
[0.890s] Level 1:colcon.colcon_core.package_identification:_identify(results) by extensions ['python_setup_py']
[0.890s] Level 1:colcon.colcon_core.package_identification:_identify(results) by extension 'python_setup_py'
[0.896s] Level 1:colcon.colcon_core.package_identification:_identify(results/csv) by extensions ['ignore', 'ignore_ament_install']
[0.897s] Level 1:colcon.colcon_core.package_identification:_identify(results/csv) by extension 'ignore'
[0.899s] Level 1:colcon.colcon_core.package_identification:_identify(results/csv) by extension 'ignore_ament_install'
[0.902s] Level 1:colcon.colcon_core.package_identification:_identify(results/csv) by extensions ['colcon_pkg']
[0.902s] Level 1:colcon.colcon_core.package_identification:_identify(results/csv) by extension 'colcon_pkg'
[0.904s] Level 1:colcon.colcon_core.package_identification:_identify(results/csv) by extensions ['colcon_meta']
[0.904s] Level 1:colcon.colcon_core.package_identification:_identify(results/csv) by extension 'colcon_meta'
[0.907s] Level 1:colcon.colcon_core.package_identification:_identify(results/csv) by extensions ['ros']
[0.907s] Level 1:colcon.colcon_core.package_identification:_identify(results/csv) by extension 'ros'
[0.915s] Level 1:colcon.colcon_core.package_identification:_identify(results/csv) by extensions ['cmake', 'python']
[0.915s] Level 1:colcon.colcon_core.package_identification:_identify(results/csv) by extension 'cmake'
[0.916s] Level 1:colcon.colcon_core.package_identification:_identify(results/csv) by extension 'python'
[0.918s] Level 1:colcon.colcon_core.package_identification:_identify(results/csv) by extensions ['python_setup_py']
[0.918s] Level 1:colcon.colcon_core.package_identification:_identify(results/csv) by extension 'python_setup_py'
[0.925s] Level 1:colcon.colcon_core.package_identification:_identify(results/diagram) by extensions ['ignore', 'ignore_ament_install']
[0.926s] Level 1:colcon.colcon_core.package_identification:_identify(results/diagram) by extension 'ignore'
[0.928s] Level 1:colcon.colcon_core.package_identification:_identify(results/diagram) by extension 'ignore_ament_install'
[0.931s] Level 1:colcon.colcon_core.package_identification:_identify(results/diagram) by extensions ['colcon_pkg']
[0.931s] Level 1:colcon.colcon_core.package_identification:_identify(results/diagram) by extension 'colcon_pkg'
[0.934s] Level 1:colcon.colcon_core.package_identification:_identify(results/diagram) by extensions ['colcon_meta']
[0.934s] Level 1:colcon.colcon_core.package_identification:_identify(results/diagram) by extension 'colcon_meta'
[0.936s] Level 1:colcon.colcon_core.package_identification:_identify(results/diagram) by extensions ['ros']
[0.937s] Level 1:colcon.colcon_core.package_identification:_identify(results/diagram) by extension 'ros'
[0.944s] Level 1:colcon.colcon_core.package_identification:_identify(results/diagram) by extensions ['cmake', 'python']
[0.944s] Level 1:colcon.colcon_core.package_identification:_identify(results/diagram) by extension 'cmake'
[0.946s] Level 1:colcon.colcon_core.package_identification:_identify(results/diagram) by extension 'python'
[0.948s] Level 1:colcon.colcon_core.package_identification:_identify(results/diagram) by extensions ['python_setup_py']
[0.948s] Level 1:colcon.colcon_core.package_identification:_identify(results/diagram) by extension 'python_setup_py'
[0.956s] Level 1:colcon.colcon_core.package_identification:_identify(results/images) by extensions ['ignore', 'ignore_ament_install']
[0.956s] Level 1:colcon.colcon_core.package_identification:_identify(results/images) by extension 'ignore'
[0.958s] Level 1:colcon.colcon_core.package_identification:_identify(results/images) by extension 'ignore_ament_install'
[0.961s] Level 1:colcon.colcon_core.package_identification:_identify(results/images) by extensions ['colcon_pkg']
[0.962s] Level 1:colcon.colcon_core.package_identification:_identify(results/images) by extension 'colcon_pkg'
[0.964s] Level 1:colcon.colcon_core.package_identification:_identify(results/images) by extensions ['colcon_meta']
[0.964s] Level 1:colcon.colcon_core.package_identification:_identify(results/images) by extension 'colcon_meta'
[0.966s] Level 1:colcon.colcon_core.package_identification:_identify(results/images) by extensions ['ros']
[0.967s] Level 1:colcon.colcon_core.package_identification:_identify(results/images) by extension 'ros'
[0.974s] Level 1:colcon.colcon_core.package_identification:_identify(results/images) by extensions ['cmake', 'python']
[0.974s] Level 1:colcon.colcon_core.package_identification:_identify(results/images) by extension 'cmake'
[0.977s] Level 1:colcon.colcon_core.package_identification:_identify(results/images) by extension 'python'
[0.979s] Level 1:colcon.colcon_core.package_identification:_identify(results/images) by extensions ['python_setup_py']
[0.979s] Level 1:colcon.colcon_core.package_identification:_identify(results/images) by extension 'python_setup_py'
[0.984s] Level 1:colcon.colcon_core.package_identification:_identify(runs) by extensions ['ignore', 'ignore_ament_install']
[0.984s] Level 1:colcon.colcon_core.package_identification:_identify(runs) by extension 'ignore'
[0.985s] Level 1:colcon.colcon_core.package_identification:_identify(runs) by extension 'ignore_ament_install'
[0.987s] Level 1:colcon.colcon_core.package_identification:_identify(runs) by extensions ['colcon_pkg']
[0.987s] Level 1:colcon.colcon_core.package_identification:_identify(runs) by extension 'colcon_pkg'
[0.989s] Level 1:colcon.colcon_core.package_identification:_identify(runs) by extensions ['colcon_meta']
[0.989s] Level 1:colcon.colcon_core.package_identification:_identify(runs) by extension 'colcon_meta'
[0.991s] Level 1:colcon.colcon_core.package_identification:_identify(runs) by extensions ['ros']
[0.991s] Level 1:colcon.colcon_core.package_identification:_identify(runs) by extension 'ros'
[0.995s] Level 1:colcon.colcon_core.package_identification:_identify(runs) by extensions ['cmake', 'python']
[0.995s] Level 1:colcon.colcon_core.package_identification:_identify(runs) by extension 'cmake'
[0.997s] Level 1:colcon.colcon_core.package_identification:_identify(runs) by extension 'python'
[0.998s] Level 1:colcon.colcon_core.package_identification:_identify(runs) by extensions ['python_setup_py']
[0.998s] Level 1:colcon.colcon_core.package_identification:_identify(runs) by extension 'python_setup_py'
[1.005s] Level 1:colcon.colcon_core.package_identification:_identify(runs/detect) by extensions ['ignore', 'ignore_ament_install']
[1.005s] Level 1:colcon.colcon_core.package_identification:_identify(runs/detect) by extension 'ignore'
[1.007s] Level 1:colcon.colcon_core.package_identification:_identify(runs/detect) by extension 'ignore_ament_install'
[1.010s] Level 1:colcon.colcon_core.package_identification:_identify(runs/detect) by extensions ['colcon_pkg']
[1.011s] Level 1:colcon.colcon_core.package_identification:_identify(runs/detect) by extension 'colcon_pkg'
[1.012s] Level 1:colcon.colcon_core.package_identification:_identify(runs/detect) by extensions ['colcon_meta']
[1.013s] Level 1:colcon.colcon_core.package_identification:_identify(runs/detect) by extension 'colcon_meta'
[1.015s] Level 1:colcon.colcon_core.package_identification:_identify(runs/detect) by extensions ['ros']
[1.015s] Level 1:colcon.colcon_core.package_identification:_identify(runs/detect) by extension 'ros'
[1.023s] Level 1:colcon.colcon_core.package_identification:_identify(runs/detect) by extensions ['cmake', 'python']
[1.024s] Level 1:colcon.colcon_core.package_identification:_identify(runs/detect) by extension 'cmake'
[1.026s] Level 1:colcon.colcon_core.package_identification:_identify(runs/detect) by extension 'python'
[1.027s] Level 1:colcon.colcon_core.package_identification:_identify(runs/detect) by extensions ['python_setup_py']
[1.028s] Level 1:colcon.colcon_core.package_identification:_identify(runs/detect) by extension 'python_setup_py'
[1.037s] Level 1:colcon.colcon_core.package_identification:_identify(runs/detect/durian) by extensions ['ignore', 'ignore_ament_install']
[1.038s] Level 1:colcon.colcon_core.package_identification:_identify(runs/detect/durian) by extension 'ignore'
[1.040s] Level 1:colcon.colcon_core.package_identification:_identify(runs/detect/durian) by extension 'ignore_ament_install'
[1.045s] Level 1:colcon.colcon_core.package_identification:_identify(runs/detect/durian) by extensions ['colcon_pkg']
[1.045s] Level 1:colcon.colcon_core.package_identification:_identify(runs/detect/durian) by extension 'colcon_pkg'
[1.047s] Level 1:colcon.colcon_core.package_identification:_identify(runs/detect/durian) by extensions ['colcon_meta']
[1.048s] Level 1:colcon.colcon_core.package_identification:_identify(runs/detect/durian) by extension 'colcon_meta'
[1.052s] Level 1:colcon.colcon_core.package_identification:_identify(runs/detect/durian) by extensions ['ros']
[1.052s] Level 1:colcon.colcon_core.package_identification:_identify(runs/detect/durian) by extension 'ros'
[1.062s] Level 1:colcon.colcon_core.package_identification:_identify(runs/detect/durian) by extensions ['cmake', 'python']
[1.062s] Level 1:colcon.colcon_core.package_identification:_identify(runs/detect/durian) by extension 'cmake'
[1.064s] Level 1:colcon.colcon_core.package_identification:_identify(runs/detect/durian) by extension 'python'
[1.067s] Level 1:colcon.colcon_core.package_identification:_identify(runs/detect/durian) by extensions ['python_setup_py']
[1.067s] Level 1:colcon.colcon_core.package_identification:_identify(runs/detect/durian) by extension 'python_setup_py'
[1.081s] Level 1:colcon.colcon_core.package_identification:_identify(runs/detect/durian/v11) by extensions ['ignore', 'ignore_ament_install']
[1.082s] Level 1:colcon.colcon_core.package_identification:_identify(runs/detect/durian/v11) by extension 'ignore'
[1.085s] Level 1:colcon.colcon_core.package_identification:_identify(runs/detect/durian/v11) by extension 'ignore_ament_install'
[1.090s] Level 1:colcon.colcon_core.package_identification:_identify(runs/detect/durian/v11) by extensions ['colcon_pkg']
[1.091s] Level 1:colcon.colcon_core.package_identification:_identify(runs/detect/durian/v11) by extension 'colcon_pkg'
[1.094s] Level 1:colcon.colcon_core.package_identification:_identify(runs/detect/durian/v11) by extensions ['colcon_meta']
[1.095s] Level 1:colcon.colcon_core.package_identification:_identify(runs/detect/durian/v11) by extension 'colcon_meta'
[1.103s] Level 1:colcon.colcon_core.package_identification:_identify(runs/detect/durian/v11) by extensions ['ros']
[1.103s] Level 1:colcon.colcon_core.package_identification:_identify(runs/detect/durian/v11) by extension 'ros'
[1.120s] Level 1:colcon.colcon_core.package_identification:_identify(runs/detect/durian/v11) by extensions ['cmake', 'python']
[1.121s] Level 1:colcon.colcon_core.package_identification:_identify(runs/detect/durian/v11) by extension 'cmake'
[1.124s] Level 1:colcon.colcon_core.package_identification:_identify(runs/detect/durian/v11) by extension 'python'
[1.128s] Level 1:colcon.colcon_core.package_identification:_identify(runs/detect/durian/v11) by extensions ['python_setup_py']
[1.128s] Level 1:colcon.colcon_core.package_identification:_identify(runs/detect/durian/v11) by extension 'python_setup_py'
[1.151s] Level 1:colcon.colcon_core.package_identification:_identify(runs/detect/durian/v11/weights) by extensions ['ignore', 'ignore_ament_install']
[1.151s] Level 1:colcon.colcon_core.package_identification:_identify(runs/detect/durian/v11/weights) by extension 'ignore'
[1.155s] Level 1:colcon.colcon_core.package_identification:_identify(runs/detect/durian/v11/weights) by extension 'ignore_ament_install'
[1.164s] Level 1:colcon.colcon_core.package_identification:_identify(runs/detect/durian/v11/weights) by extensions ['colcon_pkg']
[1.164s] Level 1:colcon.colcon_core.package_identification:_identify(runs/detect/durian/v11/weights) by extension 'colcon_pkg'
[1.170s] Level 1:colcon.colcon_core.package_identification:_identify(runs/detect/durian/v11/weights) by extensions ['colcon_meta']
[1.170s] Level 1:colcon.colcon_core.package_identification:_identify(runs/detect/durian/v11/weights) by extension 'colcon_meta'
[1.182s] Level 1:colcon.colcon_core.package_identification:_identify(runs/detect/durian/v11/weights) by extensions ['ros']
[1.183s] Level 1:colcon.colcon_core.package_identification:_identify(runs/detect/durian/v11/weights) by extension 'ros'
[1.201s] Level 1:colcon.colcon_core.package_identification:_identify(runs/detect/durian/v11/weights) by extensions ['cmake', 'python']
[1.202s] Level 1:colcon.colcon_core.package_identification:_identify(runs/detect/durian/v11/weights) by extension 'cmake'
[1.206s] Level 1:colcon.colcon_core.package_identification:_identify(runs/detect/durian/v11/weights) by extension 'python'
[1.209s] Level 1:colcon.colcon_core.package_identification:_identify(runs/detect/durian/v11/weights) by extensions ['python_setup_py']
[1.210s] Level 1:colcon.colcon_core.package_identification:_identify(runs/detect/durian/v11/weights) by extension 'python_setup_py'
[1.225s] Level 1:colcon.colcon_core.package_identification:_identify(runs/detect/durian/v26) by extensions ['ignore', 'ignore_ament_install']
[1.225s] Level 1:colcon.colcon_core.package_identification:_identify(runs/detect/durian/v26) by extension 'ignore'
[1.228s] Level 1:colcon.colcon_core.package_identification:_identify(runs/detect/durian/v26) by extension 'ignore_ament_install'
[1.234s] Level 1:colcon.colcon_core.package_identification:_identify(runs/detect/durian/v26) by extensions ['colcon_pkg']
[1.235s] Level 1:colcon.colcon_core.package_identification:_identify(runs/detect/durian/v26) by extension 'colcon_pkg'
[1.237s] Level 1:colcon.colcon_core.package_identification:_identify(runs/detect/durian/v26) by extensions ['colcon_meta']
[1.238s] Level 1:colcon.colcon_core.package_identification:_identify(runs/detect/durian/v26) by extension 'colcon_meta'
[1.245s] Level 1:colcon.colcon_core.package_identification:_identify(runs/detect/durian/v26) by extensions ['ros']
[1.246s] Level 1:colcon.colcon_core.package_identification:_identify(runs/detect/durian/v26) by extension 'ros'
[1.259s] Level 1:colcon.colcon_core.package_identification:_identify(runs/detect/durian/v26) by extensions ['cmake', 'python']
[1.259s] Level 1:colcon.colcon_core.package_identification:_identify(runs/detect/durian/v26) by extension 'cmake'
[1.263s] Level 1:colcon.colcon_core.package_identification:_identify(runs/detect/durian/v26) by extension 'python'
[1.266s] Level 1:colcon.colcon_core.package_identification:_identify(runs/detect/durian/v26) by extensions ['python_setup_py']
[1.266s] Level 1:colcon.colcon_core.package_identification:_identify(runs/detect/durian/v26) by extension 'python_setup_py'
[1.284s] Level 1:colcon.colcon_core.package_identification:_identify(runs/detect/durian/v26/weights) by extensions ['ignore', 'ignore_ament_install']
[1.285s] Level 1:colcon.colcon_core.package_identification:_identify(runs/detect/durian/v26/weights) by extension 'ignore'
[1.289s] Level 1:colcon.colcon_core.package_identification:_identify(runs/detect/durian/v26/weights) by extension 'ignore_ament_install'
[1.295s] Level 1:colcon.colcon_core.package_identification:_identify(runs/detect/durian/v26/weights) by extensions ['colcon_pkg']
[1.296s] Level 1:colcon.colcon_core.package_identification:_identify(runs/detect/durian/v26/weights) by extension 'colcon_pkg'
[1.298s] Level 1:colcon.colcon_core.package_identification:_identify(runs/detect/durian/v26/weights) by extensions ['colcon_meta']
[1.299s] Level 1:colcon.colcon_core.package_identification:_identify(runs/detect/durian/v26/weights) by extension 'colcon_meta'
[1.310s] Level 1:colcon.colcon_core.package_identification:_identify(runs/detect/durian/v26/weights) by extensions ['ros']
[1.310s] Level 1:colcon.colcon_core.package_identification:_identify(runs/detect/durian/v26/weights) by extension 'ros'
[1.326s] Level 1:colcon.colcon_core.package_identification:_identify(runs/detect/durian/v26/weights) by extensions ['cmake', 'python']
[1.327s] Level 1:colcon.colcon_core.package_identification:_identify(runs/detect/durian/v26/weights) by extension 'cmake'
[1.331s] Level 1:colcon.colcon_core.package_identification:_identify(runs/detect/durian/v26/weights) by extension 'python'
[1.334s] Level 1:colcon.colcon_core.package_identification:_identify(runs/detect/durian/v26/weights) by extensions ['python_setup_py']
[1.334s] Level 1:colcon.colcon_core.package_identification:_identify(runs/detect/durian/v26/weights) by extension 'python_setup_py'
[1.349s] Level 1:colcon.colcon_core.package_identification:_identify(runs/detect/durian/v8) by extensions ['ignore', 'ignore_ament_install']
[1.349s] Level 1:colcon.colcon_core.package_identification:_identify(runs/detect/durian/v8) by extension 'ignore'
[1.354s] Level 1:colcon.colcon_core.package_identification:_identify(runs/detect/durian/v8) by extension 'ignore_ament_install'
[1.360s] Level 1:colcon.colcon_core.package_identification:_identify(runs/detect/durian/v8) by extensions ['colcon_pkg']
[1.360s] Level 1:colcon.colcon_core.package_identification:_identify(runs/detect/durian/v8) by extension 'colcon_pkg'
[1.363s] Level 1:colcon.colcon_core.package_identification:_identify(runs/detect/durian/v8) by extensions ['colcon_meta']
[1.363s] Level 1:colcon.colcon_core.package_identification:_identify(runs/detect/durian/v8) by extension 'colcon_meta'
[1.371s] Level 1:colcon.colcon_core.package_identification:_identify(runs/detect/durian/v8) by extensions ['ros']
[1.372s] Level 1:colcon.colcon_core.package_identification:_identify(runs/detect/durian/v8) by extension 'ros'
[1.389s] Level 1:colcon.colcon_core.package_identification:_identify(runs/detect/durian/v8) by extensions ['cmake', 'python']
[1.389s] Level 1:colcon.colcon_core.package_identification:_identify(runs/detect/durian/v8) by extension 'cmake'
[1.394s] Level 1:colcon.colcon_core.package_identification:_identify(runs/detect/durian/v8) by extension 'python'
[1.397s] Level 1:colcon.colcon_core.package_identification:_identify(runs/detect/durian/v8) by extensions ['python_setup_py']
[1.397s] Level 1:colcon.colcon_core.package_identification:_identify(runs/detect/durian/v8) by extension 'python_setup_py'
[1.421s] Level 1:colcon.colcon_core.package_identification:_identify(runs/detect/durian/v8/weights) by extensions ['ignore', 'ignore_ament_install']
[1.422s] Level 1:colcon.colcon_core.package_identification:_identify(runs/detect/durian/v8/weights) by extension 'ignore'
[1.425s] Level 1:colcon.colcon_core.package_identification:_identify(runs/detect/durian/v8/weights) by extension 'ignore_ament_install'
[1.432s] Level 1:colcon.colcon_core.package_identification:_identify(runs/detect/durian/v8/weights) by extensions ['colcon_pkg']
[1.433s] Level 1:colcon.colcon_core.package_identification:_identify(runs/detect/durian/v8/weights) by extension 'colcon_pkg'
[1.437s] Level 1:colcon.colcon_core.package_identification:_identify(runs/detect/durian/v8/weights) by extensions ['colcon_meta']
[1.437s] Level 1:colcon.colcon_core.package_identification:_identify(runs/detect/durian/v8/weights) by extension 'colcon_meta'
[1.448s] Level 1:colcon.colcon_core.package_identification:_identify(runs/detect/durian/v8/weights) by extensions ['ros']
[1.448s] Level 1:colcon.colcon_core.package_identification:_identify(runs/detect/durian/v8/weights) by extension 'ros'
[1.464s] Level 1:colcon.colcon_core.package_identification:_identify(runs/detect/durian/v8/weights) by extensions ['cmake', 'python']
[1.464s] Level 1:colcon.colcon_core.package_identification:_identify(runs/detect/durian/v8/weights) by extension 'cmake'
[1.468s] Level 1:colcon.colcon_core.package_identification:_identify(runs/detect/durian/v8/weights) by extension 'python'
[1.471s] Level 1:colcon.colcon_core.package_identification:_identify(runs/detect/durian/v8/weights) by extensions ['python_setup_py']
[1.472s] Level 1:colcon.colcon_core.package_identification:_identify(runs/detect/durian/v8/weights) by extension 'python_setup_py'
[1.484s] Level 1:colcon.colcon_core.package_identification:_identify(runs/detect/durian_leaf) by extensions ['ignore', 'ignore_ament_install']
[1.484s] Level 1:colcon.colcon_core.package_identification:_identify(runs/detect/durian_leaf) by extension 'ignore'
[1.486s] Level 1:colcon.colcon_core.package_identification:_identify(runs/detect/durian_leaf) by extension 'ignore_ament_install'
[1.491s] Level 1:colcon.colcon_core.package_identification:_identify(runs/detect/durian_leaf) by extensions ['colcon_pkg']
[1.491s] Level 1:colcon.colcon_core.package_identification:_identify(runs/detect/durian_leaf) by extension 'colcon_pkg'
[1.493s] Level 1:colcon.colcon_core.package_identification:_identify(runs/detect/durian_leaf) by extensions ['colcon_meta']
[1.494s] Level 1:colcon.colcon_core.package_identification:_identify(runs/detect/durian_leaf) by extension 'colcon_meta'
[1.498s] Level 1:colcon.colcon_core.package_identification:_identify(runs/detect/durian_leaf) by extensions ['ros']
[1.499s] Level 1:colcon.colcon_core.package_identification:_identify(runs/detect/durian_leaf) by extension 'ros'
[1.508s] Level 1:colcon.colcon_core.package_identification:_identify(runs/detect/durian_leaf) by extensions ['cmake', 'python']
[1.508s] Level 1:colcon.colcon_core.package_identification:_identify(runs/detect/durian_leaf) by extension 'cmake'
[1.511s] Level 1:colcon.colcon_core.package_identification:_identify(runs/detect/durian_leaf) by extension 'python'
[1.513s] Level 1:colcon.colcon_core.package_identification:_identify(runs/detect/durian_leaf) by extensions ['python_setup_py']
[1.514s] Level 1:colcon.colcon_core.package_identification:_identify(runs/detect/durian_leaf) by extension 'python_setup_py'
[1.527s] Level 1:colcon.colcon_core.package_identification:_identify(runs/detect/durian_leaf/v11) by extensions ['ignore', 'ignore_ament_install']
[1.528s] Level 1:colcon.colcon_core.package_identification:_identify(runs/detect/durian_leaf/v11) by extension 'ignore'
[1.530s] Level 1:colcon.colcon_core.package_identification:_identify(runs/detect/durian_leaf/v11) by extension 'ignore_ament_install'
[1.535s] Level 1:colcon.colcon_core.package_identification:_identify(runs/detect/durian_leaf/v11) by extensions ['colcon_pkg']
[1.536s] Level 1:colcon.colcon_core.package_identification:_identify(runs/detect/durian_leaf/v11) by extension 'colcon_pkg'
[1.539s] Level 1:colcon.colcon_core.package_identification:_identify(runs/detect/durian_leaf/v11) by extensions ['colcon_meta']
[1.539s] Level 1:colcon.colcon_core.package_identification:_identify(runs/detect/durian_leaf/v11) by extension 'colcon_meta'
[1.546s] Level 1:colcon.colcon_core.package_identification:_identify(runs/detect/durian_leaf/v11) by extensions ['ros']
[1.547s] Level 1:colcon.colcon_core.package_identification:_identify(runs/detect/durian_leaf/v11) by extension 'ros'
[1.559s] Level 1:colcon.colcon_core.package_identification:_identify(runs/detect/durian_leaf/v11) by extensions ['cmake', 'python']
[1.559s] Level 1:colcon.colcon_core.package_identification:_identify(runs/detect/durian_leaf/v11) by extension 'cmake'
[1.562s] Level 1:colcon.colcon_core.package_identification:_identify(runs/detect/durian_leaf/v11) by extension 'python'
[1.565s] Level 1:colcon.colcon_core.package_identification:_identify(runs/detect/durian_leaf/v11) by extensions ['python_setup_py']
[1.565s] Level 1:colcon.colcon_core.package_identification:_identify(runs/detect/durian_leaf/v11) by extension 'python_setup_py'
[1.584s] Level 1:colcon.colcon_core.package_identification:_identify(runs/detect/durian_leaf/v11/weights) by extensions ['ignore', 'ignore_ament_install']
[1.584s] Level 1:colcon.colcon_core.package_identification:_identify(runs/detect/durian_leaf/v11/weights) by extension 'ignore'
[1.589s] Level 1:colcon.colcon_core.package_identification:_identify(runs/detect/durian_leaf/v11/weights) by extension 'ignore_ament_install'
[1.596s] Level 1:colcon.colcon_core.package_identification:_identify(runs/detect/durian_leaf/v11/weights) by extensions ['colcon_pkg']
[1.596s] Level 1:colcon.colcon_core.package_identification:_identify(runs/detect/durian_leaf/v11/weights) by extension 'colcon_pkg'
[1.600s] Level 1:colcon.colcon_core.package_identification:_identify(runs/detect/durian_leaf/v11/weights) by extensions ['colcon_meta']
[1.600s] Level 1:colcon.colcon_core.package_identification:_identify(runs/detect/durian_leaf/v11/weights) by extension 'colcon_meta'
[1.613s] Level 1:colcon.colcon_core.package_identification:_identify(runs/detect/durian_leaf/v11/weights) by extensions ['ros']
[1.613s] Level 1:colcon.colcon_core.package_identification:_identify(runs/detect/durian_leaf/v11/weights) by extension 'ros'
[1.632s] Level 1:colcon.colcon_core.package_identification:_identify(runs/detect/durian_leaf/v11/weights) by extensions ['cmake', 'python']
[1.632s] Level 1:colcon.colcon_core.package_identification:_identify(runs/detect/durian_leaf/v11/weights) by extension 'cmake'
[1.637s] Level 1:colcon.colcon_core.package_identification:_identify(runs/detect/durian_leaf/v11/weights) by extension 'python'
[1.641s] Level 1:colcon.colcon_core.package_identification:_identify(runs/detect/durian_leaf/v11/weights) by extensions ['python_setup_py']
[1.642s] Level 1:colcon.colcon_core.package_identification:_identify(runs/detect/durian_leaf/v11/weights) by extension 'python_setup_py'
[1.658s] Level 1:colcon.colcon_core.package_identification:_identify(runs/detect/durian_leaf/v26) by extensions ['ignore', 'ignore_ament_install']
[1.659s] Level 1:colcon.colcon_core.package_identification:_identify(runs/detect/durian_leaf/v26) by extension 'ignore'
[1.661s] Level 1:colcon.colcon_core.package_identification:_identify(runs/detect/durian_leaf/v26) by extension 'ignore_ament_install'
[1.668s] Level 1:colcon.colcon_core.package_identification:_identify(runs/detect/durian_leaf/v26) by extensions ['colcon_pkg']
[1.669s] Level 1:colcon.colcon_core.package_identification:_identify(runs/detect/durian_leaf/v26) by extension 'colcon_pkg'
[1.672s] Level 1:colcon.colcon_core.package_identification:_identify(runs/detect/durian_leaf/v26) by extensions ['colcon_meta']
[1.673s] Level 1:colcon.colcon_core.package_identification:_identify(runs/detect/durian_leaf/v26) by extension 'colcon_meta'
[1.681s] Level 1:colcon.colcon_core.package_identification:_identify(runs/detect/durian_leaf/v26) by extensions ['ros']
[1.681s] Level 1:colcon.colcon_core.package_identification:_identify(runs/detect/durian_leaf/v26) by extension 'ros'
[1.695s] Level 1:colcon.colcon_core.package_identification:_identify(runs/detect/durian_leaf/v26) by extensions ['cmake', 'python']
[1.695s] Level 1:colcon.colcon_core.package_identification:_identify(runs/detect/durian_leaf/v26) by extension 'cmake'
[1.699s] Level 1:colcon.colcon_core.package_identification:_identify(runs/detect/durian_leaf/v26) by extension 'python'
[1.702s] Level 1:colcon.colcon_core.package_identification:_identify(runs/detect/durian_leaf/v26) by extensions ['python_setup_py']
[1.703s] Level 1:colcon.colcon_core.package_identification:_identify(runs/detect/durian_leaf/v26) by extension 'python_setup_py'
[1.725s] Level 1:colcon.colcon_core.package_identification:_identify(runs/detect/durian_leaf/v26/weights) by extensions ['ignore', 'ignore_ament_install']
[1.726s] Level 1:colcon.colcon_core.package_identification:_identify(runs/detect/durian_leaf/v26/weights) by extension 'ignore'
[1.730s] Level 1:colcon.colcon_core.package_identification:_identify(runs/detect/durian_leaf/v26/weights) by extension 'ignore_ament_install'
[1.738s] Level 1:colcon.colcon_core.package_identification:_identify(runs/detect/durian_leaf/v26/weights) by extensions ['colcon_pkg']
[1.739s] Level 1:colcon.colcon_core.package_identification:_identify(runs/detect/durian_leaf/v26/weights) by extension 'colcon_pkg'
[1.743s] Level 1:colcon.colcon_core.package_identification:_identify(runs/detect/durian_leaf/v26/weights) by extensions ['colcon_meta']
[1.743s] Level 1:colcon.colcon_core.package_identification:_identify(runs/detect/durian_leaf/v26/weights) by extension 'colcon_meta'
[1.752s] Level 1:colcon.colcon_core.package_identification:_identify(runs/detect/durian_leaf/v26/weights) by extensions ['ros']
[1.753s] Level 1:colcon.colcon_core.package_identification:_identify(runs/detect/durian_leaf/v26/weights) by extension 'ros'
[1.770s] Level 1:colcon.colcon_core.package_identification:_identify(runs/detect/durian_leaf/v26/weights) by extensions ['cmake', 'python']
[1.770s] Level 1:colcon.colcon_core.package_identification:_identify(runs/detect/durian_leaf/v26/weights) by extension 'cmake'
[1.774s] Level 1:colcon.colcon_core.package_identification:_identify(runs/detect/durian_leaf/v26/weights) by extension 'python'
[1.779s] Level 1:colcon.colcon_core.package_identification:_identify(runs/detect/durian_leaf/v26/weights) by extensions ['python_setup_py']
[1.779s] Level 1:colcon.colcon_core.package_identification:_identify(runs/detect/durian_leaf/v26/weights) by extension 'python_setup_py'
[1.793s] Level 1:colcon.colcon_core.package_identification:_identify(runs/detect/durian_leaf/v8) by extensions ['ignore', 'ignore_ament_install']
[1.793s] Level 1:colcon.colcon_core.package_identification:_identify(runs/detect/durian_leaf/v8) by extension 'ignore'
[1.797s] Level 1:colcon.colcon_core.package_identification:_identify(runs/detect/durian_leaf/v8) by extension 'ignore_ament_install'
[1.801s] Level 1:colcon.colcon_core.package_identification:_identify(runs/detect/durian_leaf/v8) by extensions ['colcon_pkg']
[1.802s] Level 1:colcon.colcon_core.package_identification:_identify(runs/detect/durian_leaf/v8) by extension 'colcon_pkg'
[1.804s] Level 1:colcon.colcon_core.package_identification:_identify(runs/detect/durian_leaf/v8) by extensions ['colcon_meta']
[1.805s] Level 1:colcon.colcon_core.package_identification:_identify(runs/detect/durian_leaf/v8) by extension 'colcon_meta'
[1.811s] Level 1:colcon.colcon_core.package_identification:_identify(runs/detect/durian_leaf/v8) by extensions ['ros']
[1.812s] Level 1:colcon.colcon_core.package_identification:_identify(runs/detect/durian_leaf/v8) by extension 'ros'
[1.825s] Level 1:colcon.colcon_core.package_identification:_identify(runs/detect/durian_leaf/v8) by extensions ['cmake', 'python']
[1.825s] Level 1:colcon.colcon_core.package_identification:_identify(runs/detect/durian_leaf/v8) by extension 'cmake'
[1.828s] Level 1:colcon.colcon_core.package_identification:_identify(runs/detect/durian_leaf/v8) by extension 'python'
[1.832s] Level 1:colcon.colcon_core.package_identification:_identify(runs/detect/durian_leaf/v8) by extensions ['python_setup_py']
[1.832s] Level 1:colcon.colcon_core.package_identification:_identify(runs/detect/durian_leaf/v8) by extension 'python_setup_py'
[1.849s] Level 1:colcon.colcon_core.package_identification:_identify(runs/detect/durian_leaf/v8/weights) by extensions ['ignore', 'ignore_ament_install']
[1.849s] Level 1:colcon.colcon_core.package_identification:_identify(runs/detect/durian_leaf/v8/weights) by extension 'ignore'
[1.853s] Level 1:colcon.colcon_core.package_identification:_identify(runs/detect/durian_leaf/v8/weights) by extension 'ignore_ament_install'
[1.860s] Level 1:colcon.colcon_core.package_identification:_identify(runs/detect/durian_leaf/v8/weights) by extensions ['colcon_pkg']
[1.860s] Level 1:colcon.colcon_core.package_identification:_identify(runs/detect/durian_leaf/v8/weights) by extension 'colcon_pkg'
[1.863s] Level 1:colcon.colcon_core.package_identification:_identify(runs/detect/durian_leaf/v8/weights) by extensions ['colcon_meta']
[1.864s] Level 1:colcon.colcon_core.package_identification:_identify(runs/detect/durian_leaf/v8/weights) by extension 'colcon_meta'
[1.874s] Level 1:colcon.colcon_core.package_identification:_identify(runs/detect/durian_leaf/v8/weights) by extensions ['ros']
[1.874s] Level 1:colcon.colcon_core.package_identification:_identify(runs/detect/durian_leaf/v8/weights) by extension 'ros'
[1.892s] Level 1:colcon.colcon_core.package_identification:_identify(runs/detect/durian_leaf/v8/weights) by extensions ['cmake', 'python']
[1.892s] Level 1:colcon.colcon_core.package_identification:_identify(runs/detect/durian_leaf/v8/weights) by extension 'cmake'
[1.895s] Level 1:colcon.colcon_core.package_identification:_identify(runs/detect/durian_leaf/v8/weights) by extension 'python'
[1.899s] Level 1:colcon.colcon_core.package_identification:_identify(runs/detect/durian_leaf/v8/weights) by extensions ['python_setup_py']
[1.900s] Level 1:colcon.colcon_core.package_identification:_identify(runs/detect/durian_leaf/v8/weights) by extension 'python_setup_py'
[1.910s] Level 1:colcon.colcon_core.package_identification:_identify(runs/detect/durian_tree) by extensions ['ignore', 'ignore_ament_install']
[1.911s] Level 1:colcon.colcon_core.package_identification:_identify(runs/detect/durian_tree) by extension 'ignore'
[1.914s] Level 1:colcon.colcon_core.package_identification:_identify(runs/detect/durian_tree) by extension 'ignore_ament_install'
[1.918s] Level 1:colcon.colcon_core.package_identification:_identify(runs/detect/durian_tree) by extensions ['colcon_pkg']
[1.918s] Level 1:colcon.colcon_core.package_identification:_identify(runs/detect/durian_tree) by extension 'colcon_pkg'
[1.921s] Level 1:colcon.colcon_core.package_identification:_identify(runs/detect/durian_tree) by extensions ['colcon_meta']
[1.921s] Level 1:colcon.colcon_core.package_identification:_identify(runs/detect/durian_tree) by extension 'colcon_meta'
[1.926s] Level 1:colcon.colcon_core.package_identification:_identify(runs/detect/durian_tree) by extensions ['ros']
[1.927s] Level 1:colcon.colcon_core.package_identification:_identify(runs/detect/durian_tree) by extension 'ros'
[1.937s] Level 1:colcon.colcon_core.package_identification:_identify(runs/detect/durian_tree) by extensions ['cmake', 'python']
[1.937s] Level 1:colcon.colcon_core.package_identification:_identify(runs/detect/durian_tree) by extension 'cmake'
[1.939s] Level 1:colcon.colcon_core.package_identification:_identify(runs/detect/durian_tree) by extension 'python'
[1.942s] Level 1:colcon.colcon_core.package_identification:_identify(runs/detect/durian_tree) by extensions ['python_setup_py']
[1.942s] Level 1:colcon.colcon_core.package_identification:_identify(runs/detect/durian_tree) by extension 'python_setup_py'
[1.954s] Level 1:colcon.colcon_core.package_identification:_identify(runs/detect/durian_tree/v11) by extensions ['ignore', 'ignore_ament_install']
[1.954s] Level 1:colcon.colcon_core.package_identification:_identify(runs/detect/durian_tree/v11) by extension 'ignore'
[1.957s] Level 1:colcon.colcon_core.package_identification:_identify(runs/detect/durian_tree/v11) by extension 'ignore_ament_install'
[1.963s] Level 1:colcon.colcon_core.package_identification:_identify(runs/detect/durian_tree/v11) by extensions ['colcon_pkg']
[1.963s] Level 1:colcon.colcon_core.package_identification:_identify(runs/detect/durian_tree/v11) by extension 'colcon_pkg'
[1.966s] Level 1:colcon.colcon_core.package_identification:_identify(runs/detect/durian_tree/v11) by extensions ['colcon_meta']
[1.966s] Level 1:colcon.colcon_core.package_identification:_identify(runs/detect/durian_tree/v11) by extension 'colcon_meta'
[1.973s] Level 1:colcon.colcon_core.package_identification:_identify(runs/detect/durian_tree/v11) by extensions ['ros']
[1.974s] Level 1:colcon.colcon_core.package_identification:_identify(runs/detect/durian_tree/v11) by extension 'ros'
[1.988s] Level 1:colcon.colcon_core.package_identification:_identify(runs/detect/durian_tree/v11) by extensions ['cmake', 'python']
[1.988s] Level 1:colcon.colcon_core.package_identification:_identify(runs/detect/durian_tree/v11) by extension 'cmake'
[1.992s] Level 1:colcon.colcon_core.package_identification:_identify(runs/detect/durian_tree/v11) by extension 'python'
[1.994s] Level 1:colcon.colcon_core.package_identification:_identify(runs/detect/durian_tree/v11) by extensions ['python_setup_py']
[1.994s] Level 1:colcon.colcon_core.package_identification:_identify(runs/detect/durian_tree/v11) by extension 'python_setup_py'
[2.014s] Level 1:colcon.colcon_core.package_identification:_identify(runs/detect/durian_tree/v11/weights) by extensions ['ignore', 'ignore_ament_install']
[2.014s] Level 1:colcon.colcon_core.package_identification:_identify(runs/detect/durian_tree/v11/weights) by extension 'ignore'
[2.018s] Level 1:colcon.colcon_core.package_identification:_identify(runs/detect/durian_tree/v11/weights) by extension 'ignore_ament_install'
[2.025s] Level 1:colcon.colcon_core.package_identification:_identify(runs/detect/durian_tree/v11/weights) by extensions ['colcon_pkg']
[2.025s] Level 1:colcon.colcon_core.package_identification:_identify(runs/detect/durian_tree/v11/weights) by extension 'colcon_pkg'
[2.029s] Level 1:colcon.colcon_core.package_identification:_identify(runs/detect/durian_tree/v11/weights) by extensions ['colcon_meta']
[2.029s] Level 1:colcon.colcon_core.package_identification:_identify(runs/detect/durian_tree/v11/weights) by extension 'colcon_meta'
[2.040s] Level 1:colcon.colcon_core.package_identification:_identify(runs/detect/durian_tree/v11/weights) by extensions ['ros']
[2.040s] Level 1:colcon.colcon_core.package_identification:_identify(runs/detect/durian_tree/v11/weights) by extension 'ros'
[2.056s] Level 1:colcon.colcon_core.package_identification:_identify(runs/detect/durian_tree/v11/weights) by extensions ['cmake', 'python']
[2.057s] Level 1:colcon.colcon_core.package_identification:_identify(runs/detect/durian_tree/v11/weights) by extension 'cmake'
[2.060s] Level 1:colcon.colcon_core.package_identification:_identify(runs/detect/durian_tree/v11/weights) by extension 'python'
[2.064s] Level 1:colcon.colcon_core.package_identification:_identify(runs/detect/durian_tree/v11/weights) by extensions ['python_setup_py']
[2.064s] Level 1:colcon.colcon_core.package_identification:_identify(runs/detect/durian_tree/v11/weights) by extension 'python_setup_py'
[2.080s] Level 1:colcon.colcon_core.package_identification:_identify(runs/detect/durian_tree/v26) by extensions ['ignore', 'ignore_ament_install']
[2.080s] Level 1:colcon.colcon_core.package_identification:_identify(runs/detect/durian_tree/v26) by extension 'ignore'
[2.083s] Level 1:colcon.colcon_core.package_identification:_identify(runs/detect/durian_tree/v26) by extension 'ignore_ament_install'
[2.089s] Level 1:colcon.colcon_core.package_identification:_identify(runs/detect/durian_tree/v26) by extensions ['colcon_pkg']
[2.089s] Level 1:colcon.colcon_core.package_identification:_identify(runs/detect/durian_tree/v26) by extension 'colcon_pkg'
[2.092s] Level 1:colcon.colcon_core.package_identification:_identify(runs/detect/durian_tree/v26) by extensions ['colcon_meta']
[2.092s] Level 1:colcon.colcon_core.package_identification:_identify(runs/detect/durian_tree/v26) by extension 'colcon_meta'
[2.101s] Level 1:colcon.colcon_core.package_identification:_identify(runs/detect/durian_tree/v26) by extensions ['ros']
[2.101s] Level 1:colcon.colcon_core.package_identification:_identify(runs/detect/durian_tree/v26) by extension 'ros'
[2.113s] Level 1:colcon.colcon_core.package_identification:_identify(runs/detect/durian_tree/v26) by extensions ['cmake', 'python']
[2.114s] Level 1:colcon.colcon_core.package_identification:_identify(runs/detect/durian_tree/v26) by extension 'cmake'
[2.118s] Level 1:colcon.colcon_core.package_identification:_identify(runs/detect/durian_tree/v26) by extension 'python'
[2.120s] Level 1:colcon.colcon_core.package_identification:_identify(runs/detect/durian_tree/v26) by extensions ['python_setup_py']
[2.120s] Level 1:colcon.colcon_core.package_identification:_identify(runs/detect/durian_tree/v26) by extension 'python_setup_py'
[2.139s] Level 1:colcon.colcon_core.package_identification:_identify(runs/detect/durian_tree/v26/weights) by extensions ['ignore', 'ignore_ament_install']
[2.139s] Level 1:colcon.colcon_core.package_identification:_identify(runs/detect/durian_tree/v26/weights) by extension 'ignore'
[2.142s] Level 1:colcon.colcon_core.package_identification:_identify(runs/detect/durian_tree/v26/weights) by extension 'ignore_ament_install'
[2.150s] Level 1:colcon.colcon_core.package_identification:_identify(runs/detect/durian_tree/v26/weights) by extensions ['colcon_pkg']
[2.150s] Level 1:colcon.colcon_core.package_identification:_identify(runs/detect/durian_tree/v26/weights) by extension 'colcon_pkg'
[2.154s] Level 1:colcon.colcon_core.package_identification:_identify(runs/detect/durian_tree/v26/weights) by extensions ['colcon_meta']
[2.154s] Level 1:colcon.colcon_core.package_identification:_identify(runs/detect/durian_tree/v26/weights) by extension 'colcon_meta'
[2.166s] Level 1:colcon.colcon_core.package_identification:_identify(runs/detect/durian_tree/v26/weights) by extensions ['ros']
[2.166s] Level 1:colcon.colcon_core.package_identification:_identify(runs/detect/durian_tree/v26/weights) by extension 'ros'
[2.183s] Level 1:colcon.colcon_core.package_identification:_identify(runs/detect/durian_tree/v26/weights) by extensions ['cmake', 'python']
[2.184s] Level 1:colcon.colcon_core.package_identification:_identify(runs/detect/durian_tree/v26/weights) by extension 'cmake'
[2.187s] Level 1:colcon.colcon_core.package_identification:_identify(runs/detect/durian_tree/v26/weights) by extension 'python'
[2.191s] Level 1:colcon.colcon_core.package_identification:_identify(runs/detect/durian_tree/v26/weights) by extensions ['python_setup_py']
[2.191s] Level 1:colcon.colcon_core.package_identification:_identify(runs/detect/durian_tree/v26/weights) by extension 'python_setup_py'
[2.204s] Level 1:colcon.colcon_core.package_identification:_identify(runs/detect/durian_tree/v8) by extensions ['ignore', 'ignore_ament_install']
[2.204s] Level 1:colcon.colcon_core.package_identification:_identify(runs/detect/durian_tree/v8) by extension 'ignore'
[2.207s] Level 1:colcon.colcon_core.package_identification:_identify(runs/detect/durian_tree/v8) by extension 'ignore_ament_install'
[2.213s] Level 1:colcon.colcon_core.package_identification:_identify(runs/detect/durian_tree/v8) by extensions ['colcon_pkg']
[2.213s] Level 1:colcon.colcon_core.package_identification:_identify(runs/detect/durian_tree/v8) by extension 'colcon_pkg'
[2.216s] Level 1:colcon.colcon_core.package_identification:_identify(runs/detect/durian_tree/v8) by extensions ['colcon_meta']
[2.216s] Level 1:colcon.colcon_core.package_identification:_identify(runs/detect/durian_tree/v8) by extension 'colcon_meta'
[2.223s] Level 1:colcon.colcon_core.package_identification:_identify(runs/detect/durian_tree/v8) by extensions ['ros']
[2.224s] Level 1:colcon.colcon_core.package_identification:_identify(runs/detect/durian_tree/v8) by extension 'ros'
[2.236s] Level 1:colcon.colcon_core.package_identification:_identify(runs/detect/durian_tree/v8) by extensions ['cmake', 'python']
[2.237s] Level 1:colcon.colcon_core.package_identification:_identify(runs/detect/durian_tree/v8) by extension 'cmake'
[2.240s] Level 1:colcon.colcon_core.package_identification:_identify(runs/detect/durian_tree/v8) by extension 'python'
[2.243s] Level 1:colcon.colcon_core.package_identification:_identify(runs/detect/durian_tree/v8) by extensions ['python_setup_py']
[2.244s] Level 1:colcon.colcon_core.package_identification:_identify(runs/detect/durian_tree/v8) by extension 'python_setup_py'
[2.263s] Level 1:colcon.colcon_core.package_identification:_identify(runs/detect/durian_tree/v8/weights) by extensions ['ignore', 'ignore_ament_install']
[2.263s] Level 1:colcon.colcon_core.package_identification:_identify(runs/detect/durian_tree/v8/weights) by extension 'ignore'
[2.266s] Level 1:colcon.colcon_core.package_identification:_identify(runs/detect/durian_tree/v8/weights) by extension 'ignore_ament_install'
[2.273s] Level 1:colcon.colcon_core.package_identification:_identify(runs/detect/durian_tree/v8/weights) by extensions ['colcon_pkg']
[2.274s] Level 1:colcon.colcon_core.package_identification:_identify(runs/detect/durian_tree/v8/weights) by extension 'colcon_pkg'
[2.278s] Level 1:colcon.colcon_core.package_identification:_identify(runs/detect/durian_tree/v8/weights) by extensions ['colcon_meta']
[2.278s] Level 1:colcon.colcon_core.package_identification:_identify(runs/detect/durian_tree/v8/weights) by extension 'colcon_meta'
[2.290s] Level 1:colcon.colcon_core.package_identification:_identify(runs/detect/durian_tree/v8/weights) by extensions ['ros']
[2.291s] Level 1:colcon.colcon_core.package_identification:_identify(runs/detect/durian_tree/v8/weights) by extension 'ros'
[2.307s] Level 1:colcon.colcon_core.package_identification:_identify(runs/detect/durian_tree/v8/weights) by extensions ['cmake', 'python']
[2.308s] Level 1:colcon.colcon_core.package_identification:_identify(runs/detect/durian_tree/v8/weights) by extension 'cmake'
[2.312s] Level 1:colcon.colcon_core.package_identification:_identify(runs/detect/durian_tree/v8/weights) by extension 'python'
[2.316s] Level 1:colcon.colcon_core.package_identification:_identify(runs/detect/durian_tree/v8/weights) by extensions ['python_setup_py']
[2.316s] Level 1:colcon.colcon_core.package_identification:_identify(runs/detect/durian_tree/v8/weights) by extension 'python_setup_py'
[2.327s] Level 1:colcon.colcon_core.package_identification:_identify(runs/detect/val) by extensions ['ignore', 'ignore_ament_install']
[2.328s] Level 1:colcon.colcon_core.package_identification:_identify(runs/detect/val) by extension 'ignore'
[2.331s] Level 1:colcon.colcon_core.package_identification:_identify(runs/detect/val) by extension 'ignore_ament_install'
[2.335s] Level 1:colcon.colcon_core.package_identification:_identify(runs/detect/val) by extensions ['colcon_pkg']
[2.336s] Level 1:colcon.colcon_core.package_identification:_identify(runs/detect/val) by extension 'colcon_pkg'
[2.338s] Level 1:colcon.colcon_core.package_identification:_identify(runs/detect/val) by extensions ['colcon_meta']
[2.339s] Level 1:colcon.colcon_core.package_identification:_identify(runs/detect/val) by extension 'colcon_meta'
[2.342s] Level 1:colcon.colcon_core.package_identification:_identify(runs/detect/val) by extensions ['ros']
[2.343s] Level 1:colcon.colcon_core.package_identification:_identify(runs/detect/val) by extension 'ros'
[2.354s] Level 1:colcon.colcon_core.package_identification:_identify(runs/detect/val) by extensions ['cmake', 'python']
[2.354s] Level 1:colcon.colcon_core.package_identification:_identify(runs/detect/val) by extension 'cmake'
[2.356s] Level 1:colcon.colcon_core.package_identification:_identify(runs/detect/val) by extension 'python'
[2.359s] Level 1:colcon.colcon_core.package_identification:_identify(runs/detect/val) by extensions ['python_setup_py']
[2.359s] Level 1:colcon.colcon_core.package_identification:_identify(runs/detect/val) by extension 'python_setup_py'
[2.369s] Level 1:colcon.colcon_core.package_identification:_identify(runs/detect/val2) by extensions ['ignore', 'ignore_ament_install']
[2.369s] Level 1:colcon.colcon_core.package_identification:_identify(runs/detect/val2) by extension 'ignore'
[2.372s] Level 1:colcon.colcon_core.package_identification:_identify(runs/detect/val2) by extension 'ignore_ament_install'
[2.376s] Level 1:colcon.colcon_core.package_identification:_identify(runs/detect/val2) by extensions ['colcon_pkg']
[2.377s] Level 1:colcon.colcon_core.package_identification:_identify(runs/detect/val2) by extension 'colcon_pkg'
[2.379s] Level 1:colcon.colcon_core.package_identification:_identify(runs/detect/val2) by extensions ['colcon_meta']
[2.380s] Level 1:colcon.colcon_core.package_identification:_identify(runs/detect/val2) by extension 'colcon_meta'
[2.384s] Level 1:colcon.colcon_core.package_identification:_identify(runs/detect/val2) by extensions ['ros']
[2.384s] Level 1:colcon.colcon_core.package_identification:_identify(runs/detect/val2) by extension 'ros'
[2.394s] Level 1:colcon.colcon_core.package_identification:_identify(runs/detect/val2) by extensions ['cmake', 'python']
[2.395s] Level 1:colcon.colcon_core.package_identification:_identify(runs/detect/val2) by extension 'cmake'
[2.397s] Level 1:colcon.colcon_core.package_identification:_identify(runs/detect/val2) by extension 'python'
[2.399s] Level 1:colcon.colcon_core.package_identification:_identify(runs/detect/val2) by extensions ['python_setup_py']
[2.399s] Level 1:colcon.colcon_core.package_identification:_identify(runs/detect/val2) by extension 'python_setup_py'
[2.411s] Level 1:colcon.colcon_core.package_identification:_identify(runs/detect/val3) by extensions ['ignore', 'ignore_ament_install']
[2.411s] Level 1:colcon.colcon_core.package_identification:_identify(runs/detect/val3) by extension 'ignore'
[2.414s] Level 1:colcon.colcon_core.package_identification:_identify(runs/detect/val3) by extension 'ignore_ament_install'
[2.418s] Level 1:colcon.colcon_core.package_identification:_identify(runs/detect/val3) by extensions ['colcon_pkg']
[2.419s] Level 1:colcon.colcon_core.package_identification:_identify(runs/detect/val3) by extension 'colcon_pkg'
[2.422s] Level 1:colcon.colcon_core.package_identification:_identify(runs/detect/val3) by extensions ['colcon_meta']
[2.423s] Level 1:colcon.colcon_core.package_identification:_identify(runs/detect/val3) by extension 'colcon_meta'
[2.428s] Level 1:colcon.colcon_core.package_identification:_identify(runs/detect/val3) by extensions ['ros']
[2.429s] Level 1:colcon.colcon_core.package_identification:_identify(runs/detect/val3) by extension 'ros'
[2.438s] Level 1:colcon.colcon_core.package_identification:_identify(runs/detect/val3) by extensions ['cmake', 'python']
[2.438s] Level 1:colcon.colcon_core.package_identification:_identify(runs/detect/val3) by extension 'cmake'
[2.441s] Level 1:colcon.colcon_core.package_identification:_identify(runs/detect/val3) by extension 'python'
[2.443s] Level 1:colcon.colcon_core.package_identification:_identify(runs/detect/val3) by extensions ['python_setup_py']
[2.444s] Level 1:colcon.colcon_core.package_identification:_identify(runs/detect/val3) by extension 'python_setup_py'
[2.446s] Level 1:colcon.colcon_core.package_discovery:discover_packages(recursive) using defaults
[2.446s] Level 1:colcon.colcon_core.package_discovery:discover_packages(ignore) discover
[2.447s] Level 1:colcon.colcon_core.package_discovery:discover_packages(ignore) using defaults
[2.447s] Level 1:colcon.colcon_core.package_discovery:discover_packages(path) discover
[2.447s] Level 1:colcon.colcon_core.package_discovery:discover_packages(path) using defaults
[2.448s] WARNING:colcon.colcon_core.package_selection:ignoring unknown package 'durian_inspection_pkg' in --packages-select
[2.470s] Level 1:colcon.colcon_core.package_discovery:discover_packages(prefix_path) check parameters
[2.470s] Level 1:colcon.colcon_core.package_discovery:discover_packages(prefix_path) discover
[2.473s] DEBUG:colcon.colcon_installed_package_information.package_discovery:Found 1 installed packages in /home/johny/durian_ws/install
[2.475s] DEBUG:colcon.colcon_installed_package_information.package_discovery:Found 327 installed packages in /opt/ros/humble
[2.477s] Level 1:colcon.colcon_core.package_discovery:discover_packages(prefix_path) using defaults
[2.535s] INFO:colcon.colcon_core.executor:Executing jobs using 'parallel' executor
[2.536s] DEBUG:colcon.colcon_parallel_executor.executor.parallel:run_until_complete
[2.537s] DEBUG:colcon.colcon_parallel_executor.executor.parallel:closing loop
[2.537s] DEBUG:colcon.colcon_parallel_executor.executor.parallel:loop closed
[2.538s] DEBUG:colcon.colcon_parallel_executor.executor.parallel:run_until_complete finished with '0'
[2.538s] DEBUG:colcon.colcon_core.event_reactor:joining thread
[2.627s] INFO:colcon.colcon_core.plugin_system:Skipping extension 'colcon_notification.desktop_notification.notify_send': Could not find 'notify-send'
[2.627s] INFO:colcon.colcon_core.plugin_system:Skipping extension 'colcon_notification.desktop_notification.terminal_notifier': Not used on non-Darwin systems
[2.628s] INFO:colcon.colcon_core.plugin_system:Skipping extension 'colcon_notification.desktop_notification.win32': Not used on non-Windows systems
[2.628s] INFO:colcon.colcon_notification.desktop_notification:Sending desktop notification using 'notify2'
[2.629s] DEBUG:colcon.colcon_notification.desktop_notification.notify2:Failed to initialize notify2: org.freedesktop.DBus.Error.FileNotFound: Failed to connect to socket /run/user/1000/bus: No such file or directory
[2.629s] DEBUG:colcon.colcon_core.event_reactor:joined thread
[2.631s] INFO:colcon.colcon_core.plugin_system:Skipping extension 'colcon_core.shell.bat': Not used on non-Windows systems
[2.632s] INFO:colcon.colcon_core.shell:Creating prefix script '/mnt/c/fyp basic models/install/local_setup.ps1'
[2.639s] INFO:colcon.colcon_core.shell:Creating prefix util module '/mnt/c/fyp basic models/install/_local_setup_util_ps1.py'
[2.648s] INFO:colcon.colcon_core.shell:Creating prefix chain script '/mnt/c/fyp basic models/install/setup.ps1'
[2.658s] INFO:colcon.colcon_core.shell:Creating prefix script '/mnt/c/fyp basic models/install/local_setup.sh'
[2.670s] INFO:colcon.colcon_core.shell:Creating prefix util module '/mnt/c/fyp basic models/install/_local_setup_util_sh.py'
[2.680s] INFO:colcon.colcon_core.shell:Creating prefix chain script '/mnt/c/fyp basic models/install/setup.sh'
[2.691s] INFO:colcon.colcon_core.shell:Creating prefix script '/mnt/c/fyp basic models/install/local_setup.bash'
[2.700s] INFO:colcon.colcon_core.shell:Creating prefix chain script '/mnt/c/fyp basic models/install/setup.bash'
[2.708s] INFO:colcon.colcon_core.shell:Creating prefix script '/mnt/c/fyp basic models/install/local_setup.zsh'
[2.717s] INFO:colcon.colcon_core.shell:Creating prefix chain script '/mnt/c/fyp basic models/install/setup.zsh'
